<?xml version="1.0" encoding="UTF-8"?>
<!-- Generated by org.testng.reporters.JUnitReportReporter -->
<testsuite skipped="0" hostname="LAPTOP-5TO8SRSS" name="com.training.sanity.tests.FindyourhomeTest" tests="2" failures="0" timestamp="2020-01-31T12:47:34 IST" time="10.608" errors="0">
  <testcase name="validLoginTest" time="4.187" classname="com.training.sanity.tests.FindyourhomeTest"/>
  <testcase name="SearchhomeTest" time="6.421" classname="com.training.sanity.tests.FindyourhomeTest"/>
</testsuite> <!-- com.training.sanity.tests.FindyourhomeTest -->
