<?xml version="1.0" encoding="UTF-8"?>
<!-- Generated by org.testng.reporters.JUnitReportReporter -->
<testsuite skipped="0" hostname="LAPTOP-5TO8SRSS" name="com.training.sanity.tests.DoneQuisTest" tests="2" failures="0" timestamp="2020-01-31T12:48:32 IST" time="17.797" errors="0">
  <testcase name="validLoginTest" time="4.639" classname="com.training.sanity.tests.DoneQuisTest"/>
  <testcase name="DoneQues" time="13.158" classname="com.training.sanity.tests.DoneQuisTest"/>
</testsuite> <!-- com.training.sanity.tests.DoneQuisTest -->
