<?xml version="1.0" encoding="UTF-8"?>
<!-- Generated by org.testng.reporters.JUnitReportReporter -->
<testsuite skipped="0" hostname="LAPTOP-5TO8SRSS" name="com.training.sanity.tests.LoginTests" tests="2" failures="0" timestamp="2020-01-31T13:04:37 IST" time="6.601" errors="0">
  <testcase name="validLoginTest" time="4.674" classname="com.training.sanity.tests.LoginTests"/>
  <testcase name="validLogoutTest" time="1.927" classname="com.training.sanity.tests.LoginTests"/>
</testsuite> <!-- com.training.sanity.tests.LoginTests -->
