<?xml version="1.0" encoding="UTF-8"?>
<!-- Generated by org.testng.reporters.JUnitReportReporter -->
<testsuite skipped="0" hostname="LAPTOP-5TO8SRSS" name="com.training.sanity.tests.MortgageCalcTest" tests="2" failures="0" timestamp="2020-01-31T12:42:40 IST" time="16.351" errors="0">
  <testcase name="validLoginTest" time="5.624" classname="com.training.sanity.tests.MortgageCalcTest"/>
  <testcase name="MortgageCalculate" time="10.727" classname="com.training.sanity.tests.MortgageCalcTest"/>
</testsuite> <!-- com.training.sanity.tests.MortgageCalcTest -->
